#-----------------------------------------------------------
# Vivado v2019.1.3 (64-bit)
# SW Build 2644227 on Wed Sep  4 09:45:24 MDT 2019
# IP Build 2633630 on Wed Sep  4 12:30:14 MDT 2019
# Start of session at: Wed Oct  9 12:24:40 2019
# Process ID: 9220
# Current directory: D:/BitBucketLocalRepository/verilog-projects/8_Bit_Processor/8Bit_uC
# Command line: vivado.exe -gui_launcher_event rodinguilauncherevent4468 D:\BitBucketLocalRepository\verilog-projects\8_Bit_Processor\8Bit_uC\8Bit_uC.xpr
# Log file: D:/BitBucketLocalRepository/verilog-projects/8_Bit_Processor/8Bit_uC/vivado.log
# Journal file: D:/BitBucketLocalRepository/verilog-projects/8_Bit_Processor/8Bit_uC\vivado.jou
#-----------------------------------------------------------
start_gui
open_project D:/BitBucketLocalRepository/verilog-projects/8_Bit_Processor/8Bit_uC/8Bit_uC.xpr
Scanning sources...
Finished scanning sources
INFO: [IP_Flow 19-234] Refreshing IP repositories
INFO: [IP_Flow 19-1704] No user IP repositories specified
INFO: [IP_Flow 19-2313] Loaded Vivado IP repository 'C:/Xilinx/Vivado/2019.1/data/ip'.
open_project: Time (s): cpu = 00:00:19 ; elapsed = 00:00:09 . Memory (MB): peak = 832.332 ; gain = 168.820
update_compile_order -fileset sources_1
exit
INFO: [Common 17-206] Exiting Vivado at Wed Oct  9 12:25:31 2019...
